<?xml version="1.0" encoding="UTF-8"?>
<!-- Generated by org.testng.reporters.JUnitReportReporter -->
<testsuite hostname="Aleksandar-PC" failures="0" tests="2" name="test.dynamicTable" time="125.035" errors="0" timestamp="2022-12-16T17:58:11 CET" skipped="0">
  <testcase classname="test.dynamicTable" name="dynamicTableUi" time="41.983"/>
  <system-out/>
  <testcase classname="test.dynamicTable" name="dynamicTableUi1" time="83.052"/>
  <system-out/>
</testsuite> <!-- test.dynamicTable -->
