<?xml version="1.0" encoding="UTF-8"?>
<!-- Generated by org.testng.reporters.JUnitReportReporter -->
<testsuite hostname="Aleksandar-PC" failures="0" tests="1" name="testSuite.RegisterPomTestScripts" time="26.288" errors="0" timestamp="2022-12-14T11:55:58 CET" skipped="0">
  <testcase classname="testSuite.RegisterPomTestScripts" name="TC_REGISTER_002_1_RegisterUseAllFieldsSingleSelect" time="26.288"/>
  <system-out/>
</testsuite> <!-- testSuite.RegisterPomTestScripts -->
