<?xml version="1.0" encoding="UTF-8"?>
<!-- Generated by org.testng.reporters.JUnitReportReporter -->
<testsuite hostname="Aleksandar-PC" failures="0" tests="1" name="testSuite.PdpPomTestScripts" time="52.685" errors="0" timestamp="2022-12-14T19:24:53 CET" skipped="0">
  <testcase classname="testSuite.PdpPomTestScripts" name="VerifyRentalItemCalendarLOOP" time="52.685"/>
  <system-out/>
</testsuite> <!-- testSuite.PdpPomTestScripts -->
